Command: vcs -f ../cfg/tb.f -P /tools/synopsys/verdi/Verdi3_L-2016.06-1/share/PLI/VCS/LINUX64/verdi.tab \
/tools/synopsys/verdi/Verdi3_L-2016.06-1/share/PLI/VCS/LINUX64/pli.a -l ./sim_base/log/sim.log \
-o ./sim_base/exec/simv +libext+.sv+.v +indir+/home/xiaotu/my_work/code_lib +v2k \
+define+RTL_SAIF +notimingcheck +nospecify +vpi +memcbk +vcsd +plusarg_save +nospecify \
+udpsched +vcs+lic+wait -sverilog -full64 -sverilog -debug_all -ntb_opts uvm-1.2 \
-sv_pragma -lca -kdb -top testbench -timescale=1ns/1ps -unit_timescale=1ns/1ps +vcs+initreg+random \

                         Chronologic VCS (TM)
         Version L-2016.06_Full64 -- Thu Jun  9 11:37:55 2022
               Copyright (c) 1991-2016 by Synopsys Inc.
                         ALL RIGHTS RESERVED

This program is proprietary and confidential information of Synopsys Inc.
and may be used and disclosed only as authorized in a license agreement
controlling such use and disclosure.


Warning-[UNK_COMP_ARG] Unknown compile time plus argument used
  Unknown compile time plus argument 'indir+/home/xiaotu/my_work/code_lib' is 
  ignored.

 + use `+plusarg_save' to bind in runtime plusargs;
 + use `+plusarg_ignore' to suppress this message.

Warning-[LCA_FEATURES_ENABLED] Usage warning
  LCA features enabled by '-lca' argument on the command line.  For more 
  information regarding list of LCA features please refer to Chapter "LCA 
  features" in the VCS/VCS-MX Release Notes

Parsing design file '/tools/synopsys/vcs/vcs-mx_vL-2016.06/etc/uvm-1.2/uvm_pkg.sv'
Parsing included file '/tools/synopsys/vcs/vcs-mx_vL-2016.06/etc/uvm-1.2/uvm_macros.svh'.
Parsing included file '/tools/synopsys/vcs/vcs-mx_vL-2016.06/etc/uvm-1.2/macros/uvm_version_defines.svh'.
Back to file '/tools/synopsys/vcs/vcs-mx_vL-2016.06/etc/uvm-1.2/uvm_macros.svh'.
Parsing included file '/tools/synopsys/vcs/vcs-mx_vL-2016.06/etc/uvm-1.2/macros/uvm_global_defines.svh'.
Back to file '/tools/synopsys/vcs/vcs-mx_vL-2016.06/etc/uvm-1.2/uvm_macros.svh'.
Parsing included file '/tools/synopsys/vcs/vcs-mx_vL-2016.06/etc/uvm-1.2/macros/uvm_message_defines.svh'.
Back to file '/tools/synopsys/vcs/vcs-mx_vL-2016.06/etc/uvm-1.2/uvm_macros.svh'.
Parsing included file '/tools/synopsys/vcs/vcs-mx_vL-2016.06/etc/uvm-1.2/macros/uvm_phase_defines.svh'.
Back to file '/tools/synopsys/vcs/vcs-mx_vL-2016.06/etc/uvm-1.2/uvm_macros.svh'.
Parsing included file '/tools/synopsys/vcs/vcs-mx_vL-2016.06/etc/uvm-1.2/macros/uvm_object_defines.svh'.
Back to file '/tools/synopsys/vcs/vcs-mx_vL-2016.06/etc/uvm-1.2/uvm_macros.svh'.
Parsing included file '/tools/synopsys/vcs/vcs-mx_vL-2016.06/etc/uvm-1.2/macros/uvm_printer_defines.svh'.
Back to file '/tools/synopsys/vcs/vcs-mx_vL-2016.06/etc/uvm-1.2/uvm_macros.svh'.
Parsing included file '/tools/synopsys/vcs/vcs-mx_vL-2016.06/etc/uvm-1.2/macros/uvm_tlm_defines.svh'.
Parsing included file '/tools/synopsys/vcs/vcs-mx_vL-2016.06/etc/uvm-1.2/tlm1/uvm_tlm_imps.svh'.
Back to file '/tools/synopsys/vcs/vcs-mx_vL-2016.06/etc/uvm-1.2/macros/uvm_tlm_defines.svh'.
Back to file '/tools/synopsys/vcs/vcs-mx_vL-2016.06/etc/uvm-1.2/uvm_macros.svh'.
Parsing included file '/tools/synopsys/vcs/vcs-mx_vL-2016.06/etc/uvm-1.2/macros/uvm_sequence_defines.svh'.
Back to file '/tools/synopsys/vcs/vcs-mx_vL-2016.06/etc/uvm-1.2/uvm_macros.svh'.
Parsing included file '/tools/synopsys/vcs/vcs-mx_vL-2016.06/etc/uvm-1.2/macros/uvm_callback_defines.svh'.
Back to file '/tools/synopsys/vcs/vcs-mx_vL-2016.06/etc/uvm-1.2/uvm_macros.svh'.
Parsing included file '/tools/synopsys/vcs/vcs-mx_vL-2016.06/etc/uvm-1.2/macros/uvm_reg_defines.svh'.
Back to file '/tools/synopsys/vcs/vcs-mx_vL-2016.06/etc/uvm-1.2/uvm_macros.svh'.
Parsing included file '/tools/synopsys/vcs/vcs-mx_vL-2016.06/etc/uvm-1.2/macros/uvm_deprecated_defines.svh'.
Back to file '/tools/synopsys/vcs/vcs-mx_vL-2016.06/etc/uvm-1.2/uvm_macros.svh'.
Back to file '/tools/synopsys/vcs/vcs-mx_vL-2016.06/etc/uvm-1.2/uvm_pkg.sv'.
Parsing included file '/tools/synopsys/vcs/vcs-mx_vL-2016.06/etc/uvm-1.2/dpi/uvm_dpi.svh'.
Parsing included file '/tools/synopsys/vcs/vcs-mx_vL-2016.06/etc/uvm-1.2/dpi/uvm_hdl.svh'.
Back to file '/tools/synopsys/vcs/vcs-mx_vL-2016.06/etc/uvm-1.2/dpi/uvm_dpi.svh'.
Parsing included file '/tools/synopsys/vcs/vcs-mx_vL-2016.06/etc/uvm-1.2/dpi/uvm_svcmd_dpi.svh'.
Back to file '/tools/synopsys/vcs/vcs-mx_vL-2016.06/etc/uvm-1.2/dpi/uvm_dpi.svh'.
Parsing included file '/tools/synopsys/vcs/vcs-mx_vL-2016.06/etc/uvm-1.2/dpi/uvm_regex.svh'.
Back to file '/tools/synopsys/vcs/vcs-mx_vL-2016.06/etc/uvm-1.2/dpi/uvm_dpi.svh'.
Back to file '/tools/synopsys/vcs/vcs-mx_vL-2016.06/etc/uvm-1.2/uvm_pkg.sv'.
Parsing included file '/tools/synopsys/vcs/vcs-mx_vL-2016.06/etc/uvm-1.2/base/uvm_base.svh'.
Parsing included file '/tools/synopsys/vcs/vcs-mx_vL-2016.06/etc/uvm-1.2/base/uvm_coreservice.svh'.
Back to file '/tools/synopsys/vcs/vcs-mx_vL-2016.06/etc/uvm-1.2/base/uvm_base.svh'.
Parsing included file '/tools/synopsys/vcs/vcs-mx_vL-2016.06/etc/uvm-1.2/base/uvm_version.svh'.
Back to file '/tools/synopsys/vcs/vcs-mx_vL-2016.06/etc/uvm-1.2/base/uvm_base.svh'.
Parsing included file '/tools/synopsys/vcs/vcs-mx_vL-2016.06/etc/uvm-1.2/base/uvm_object_globals.svh'.
Back to file '/tools/synopsys/vcs/vcs-mx_vL-2016.06/etc/uvm-1.2/base/uvm_base.svh'.
Parsing included file '/tools/synopsys/vcs/vcs-mx_vL-2016.06/etc/uvm-1.2/base/uvm_misc.svh'.
Back to file '/tools/synopsys/vcs/vcs-mx_vL-2016.06/etc/uvm-1.2/base/uvm_base.svh'.
Parsing included file '/tools/synopsys/vcs/vcs-mx_vL-2016.06/etc/uvm-1.2/base/uvm_object.svh'.
Back to file '/tools/synopsys/vcs/vcs-mx_vL-2016.06/etc/uvm-1.2/base/uvm_base.svh'.
Parsing included file '/tools/synopsys/vcs/vcs-mx_vL-2016.06/etc/uvm-1.2/base/uvm_pool.svh'.
Back to file '/tools/synopsys/vcs/vcs-mx_vL-2016.06/etc/uvm-1.2/base/uvm_base.svh'.
Parsing included file '/tools/synopsys/vcs/vcs-mx_vL-2016.06/etc/uvm-1.2/base/uvm_queue.svh'.
Back to file '/tools/synopsys/vcs/vcs-mx_vL-2016.06/etc/uvm-1.2/base/uvm_base.svh'.
Parsing included file '/tools/synopsys/vcs/vcs-mx_vL-2016.06/etc/uvm-1.2/base/uvm_factory.svh'.
Back to file '/tools/synopsys/vcs/vcs-mx_vL-2016.06/etc/uvm-1.2/base/uvm_base.svh'.
Parsing included file '/tools/synopsys/vcs/vcs-mx_vL-2016.06/etc/uvm-1.2/base/uvm_registry.svh'.
Back to file '/tools/synopsys/vcs/vcs-mx_vL-2016.06/etc/uvm-1.2/base/uvm_base.svh'.
Parsing included file '/tools/synopsys/vcs/vcs-mx_vL-2016.06/etc/uvm-1.2/base/uvm_spell_chkr.svh'.
Back to file '/tools/synopsys/vcs/vcs-mx_vL-2016.06/etc/uvm-1.2/base/uvm_base.svh'.
Parsing included file '/tools/synopsys/vcs/vcs-mx_vL-2016.06/etc/uvm-1.2/base/uvm_resource.svh'.
Back to file '/tools/synopsys/vcs/vcs-mx_vL-2016.06/etc/uvm-1.2/base/uvm_base.svh'.
Parsing included file '/tools/synopsys/vcs/vcs-mx_vL-2016.06/etc/uvm-1.2/base/uvm_resource_specializations.svh'.
Back to file '/tools/synopsys/vcs/vcs-mx_vL-2016.06/etc/uvm-1.2/base/uvm_base.svh'.
Parsing included file '/tools/synopsys/vcs/vcs-mx_vL-2016.06/etc/uvm-1.2/base/uvm_resource_db.svh'.
Back to file '/tools/synopsys/vcs/vcs-mx_vL-2016.06/etc/uvm-1.2/base/uvm_base.svh'.
Parsing included file '/tools/synopsys/vcs/vcs-mx_vL-2016.06/etc/uvm-1.2/base/uvm_config_db.svh'.
Back to file '/tools/synopsys/vcs/vcs-mx_vL-2016.06/etc/uvm-1.2/base/uvm_base.svh'.
Parsing included file '/tools/synopsys/vcs/vcs-mx_vL-2016.06/etc/uvm-1.2/base/uvm_printer.svh'.
Back to file '/tools/synopsys/vcs/vcs-mx_vL-2016.06/etc/uvm-1.2/base/uvm_base.svh'.
Parsing included file '/tools/synopsys/vcs/vcs-mx_vL-2016.06/etc/uvm-1.2/base/uvm_comparer.svh'.
Back to file '/tools/synopsys/vcs/vcs-mx_vL-2016.06/etc/uvm-1.2/base/uvm_base.svh'.
Parsing included file '/tools/synopsys/vcs/vcs-mx_vL-2016.06/etc/uvm-1.2/base/uvm_packer.svh'.
Back to file '/tools/synopsys/vcs/vcs-mx_vL-2016.06/etc/uvm-1.2/base/uvm_base.svh'.
Parsing included file '/tools/synopsys/vcs/vcs-mx_vL-2016.06/etc/uvm-1.2/base/uvm_links.svh'.
Back to file '/tools/synopsys/vcs/vcs-mx_vL-2016.06/etc/uvm-1.2/base/uvm_base.svh'.
Parsing included file '/tools/synopsys/vcs/vcs-mx_vL-2016.06/etc/uvm-1.2/base/uvm_tr_database.svh'.
Back to file '/tools/synopsys/vcs/vcs-mx_vL-2016.06/etc/uvm-1.2/base/uvm_base.svh'.
Parsing included file '/tools/synopsys/vcs/vcs-mx_vL-2016.06/etc/uvm-1.2/base/uvm_tr_stream.svh'.
Back to file '/tools/synopsys/vcs/vcs-mx_vL-2016.06/etc/uvm-1.2/base/uvm_base.svh'.
Parsing included file '/tools/synopsys/vcs/vcs-mx_vL-2016.06/etc/uvm-1.2/base/uvm_recorder.svh'.
Back to file '/tools/synopsys/vcs/vcs-mx_vL-2016.06/etc/uvm-1.2/base/uvm_base.svh'.
Parsing included file '/tools/synopsys/vcs/vcs-mx_vL-2016.06/etc/uvm-1.2/base/uvm_event_callback.svh'.
Back to file '/tools/synopsys/vcs/vcs-mx_vL-2016.06/etc/uvm-1.2/base/uvm_base.svh'.
Parsing included file '/tools/synopsys/vcs/vcs-mx_vL-2016.06/etc/uvm-1.2/base/uvm_event.svh'.
Back to file '/tools/synopsys/vcs/vcs-mx_vL-2016.06/etc/uvm-1.2/base/uvm_base.svh'.
Parsing included file '/tools/synopsys/vcs/vcs-mx_vL-2016.06/etc/uvm-1.2/base/uvm_barrier.svh'.
Back to file '/tools/synopsys/vcs/vcs-mx_vL-2016.06/etc/uvm-1.2/base/uvm_base.svh'.
Parsing included file '/tools/synopsys/vcs/vcs-mx_vL-2016.06/etc/uvm-1.2/base/uvm_callback.svh'.
Parsing included file '/tools/synopsys/vcs/vcs-mx_vL-2016.06/etc/uvm-1.2/uvm_macros.svh'.
Back to file '/tools/synopsys/vcs/vcs-mx_vL-2016.06/etc/uvm-1.2/base/uvm_callback.svh'.
Back to file '/tools/synopsys/vcs/vcs-mx_vL-2016.06/etc/uvm-1.2/base/uvm_base.svh'.
Parsing included file '/tools/synopsys/vcs/vcs-mx_vL-2016.06/etc/uvm-1.2/base/uvm_report_message.svh'.
Back to file '/tools/synopsys/vcs/vcs-mx_vL-2016.06/etc/uvm-1.2/base/uvm_base.svh'.
Parsing included file '/tools/synopsys/vcs/vcs-mx_vL-2016.06/etc/uvm-1.2/base/uvm_report_catcher.svh'.
Back to file '/tools/synopsys/vcs/vcs-mx_vL-2016.06/etc/uvm-1.2/base/uvm_base.svh'.
Parsing included file '/tools/synopsys/vcs/vcs-mx_vL-2016.06/etc/uvm-1.2/base/uvm_report_server.svh'.
Back to file '/tools/synopsys/vcs/vcs-mx_vL-2016.06/etc/uvm-1.2/base/uvm_base.svh'.
Parsing included file '/tools/synopsys/vcs/vcs-mx_vL-2016.06/etc/uvm-1.2/base/uvm_report_handler.svh'.
Back to file '/tools/synopsys/vcs/vcs-mx_vL-2016.06/etc/uvm-1.2/base/uvm_base.svh'.
Parsing included file '/tools/synopsys/vcs/vcs-mx_vL-2016.06/etc/uvm-1.2/base/uvm_report_object.svh'.
Back to file '/tools/synopsys/vcs/vcs-mx_vL-2016.06/etc/uvm-1.2/base/uvm_base.svh'.
Parsing included file '/tools/synopsys/vcs/vcs-mx_vL-2016.06/etc/uvm-1.2/base/uvm_transaction.svh'.
Back to file '/tools/synopsys/vcs/vcs-mx_vL-2016.06/etc/uvm-1.2/base/uvm_base.svh'.
Parsing included file '/tools/synopsys/vcs/vcs-mx_vL-2016.06/etc/uvm-1.2/base/uvm_phase.svh'.
Back to file '/tools/synopsys/vcs/vcs-mx_vL-2016.06/etc/uvm-1.2/base/uvm_base.svh'.
Parsing included file '/tools/synopsys/vcs/vcs-mx_vL-2016.06/etc/uvm-1.2/base/uvm_domain.svh'.
Back to file '/tools/synopsys/vcs/vcs-mx_vL-2016.06/etc/uvm-1.2/base/uvm_base.svh'.
Parsing included file '/tools/synopsys/vcs/vcs-mx_vL-2016.06/etc/uvm-1.2/base/uvm_bottomup_phase.svh'.
Back to file '/tools/synopsys/vcs/vcs-mx_vL-2016.06/etc/uvm-1.2/base/uvm_base.svh'.
Parsing included file '/tools/synopsys/vcs/vcs-mx_vL-2016.06/etc/uvm-1.2/base/uvm_topdown_phase.svh'.
Back to file '/tools/synopsys/vcs/vcs-mx_vL-2016.06/etc/uvm-1.2/base/uvm_base.svh'.
Parsing included file '/tools/synopsys/vcs/vcs-mx_vL-2016.06/etc/uvm-1.2/base/uvm_task_phase.svh'.
Back to file '/tools/synopsys/vcs/vcs-mx_vL-2016.06/etc/uvm-1.2/base/uvm_base.svh'.
Parsing included file '/tools/synopsys/vcs/vcs-mx_vL-2016.06/etc/uvm-1.2/base/uvm_common_phases.svh'.
Back to file '/tools/synopsys/vcs/vcs-mx_vL-2016.06/etc/uvm-1.2/base/uvm_base.svh'.
Parsing included file '/tools/synopsys/vcs/vcs-mx_vL-2016.06/etc/uvm-1.2/base/uvm_runtime_phases.svh'.
Back to file '/tools/synopsys/vcs/vcs-mx_vL-2016.06/etc/uvm-1.2/base/uvm_base.svh'.
Parsing included file '/tools/synopsys/vcs/vcs-mx_vL-2016.06/etc/uvm-1.2/base/uvm_component.svh'.
Parsing included file '/tools/synopsys/vcs/vcs-mx_vL-2016.06/etc/uvm-1.2/base/uvm_root.svh'.
Back to file '/tools/synopsys/vcs/vcs-mx_vL-2016.06/etc/uvm-1.2/base/uvm_component.svh'.
Back to file '/tools/synopsys/vcs/vcs-mx_vL-2016.06/etc/uvm-1.2/base/uvm_base.svh'.
Parsing included file '/tools/synopsys/vcs/vcs-mx_vL-2016.06/etc/uvm-1.2/base/uvm_objection.svh'.
Back to file '/tools/synopsys/vcs/vcs-mx_vL-2016.06/etc/uvm-1.2/base/uvm_base.svh'.
Parsing included file '/tools/synopsys/vcs/vcs-mx_vL-2016.06/etc/uvm-1.2/base/uvm_heartbeat.svh'.
Back to file '/tools/synopsys/vcs/vcs-mx_vL-2016.06/etc/uvm-1.2/base/uvm_base.svh'.
Parsing included file '/tools/synopsys/vcs/vcs-mx_vL-2016.06/etc/uvm-1.2/base/uvm_globals.svh'.
Back to file '/tools/synopsys/vcs/vcs-mx_vL-2016.06/etc/uvm-1.2/base/uvm_base.svh'.
Parsing included file '/tools/synopsys/vcs/vcs-mx_vL-2016.06/etc/uvm-1.2/base/uvm_cmdline_processor.svh'.
Back to file '/tools/synopsys/vcs/vcs-mx_vL-2016.06/etc/uvm-1.2/base/uvm_base.svh'.
Parsing included file '/tools/synopsys/vcs/vcs-mx_vL-2016.06/etc/uvm-1.2/base/uvm_traversal.svh'.
Back to file '/tools/synopsys/vcs/vcs-mx_vL-2016.06/etc/uvm-1.2/base/uvm_base.svh'.
Back to file '/tools/synopsys/vcs/vcs-mx_vL-2016.06/etc/uvm-1.2/uvm_pkg.sv'.
Parsing included file '/tools/synopsys/vcs/vcs-mx_vL-2016.06/etc/uvm-1.2/dap/uvm_dap.svh'.
Parsing included file '/tools/synopsys/vcs/vcs-mx_vL-2016.06/etc/uvm-1.2/dap/uvm_set_get_dap_base.svh'.
Back to file '/tools/synopsys/vcs/vcs-mx_vL-2016.06/etc/uvm-1.2/dap/uvm_dap.svh'.
Parsing included file '/tools/synopsys/vcs/vcs-mx_vL-2016.06/etc/uvm-1.2/dap/uvm_simple_lock_dap.svh'.
Back to file '/tools/synopsys/vcs/vcs-mx_vL-2016.06/etc/uvm-1.2/dap/uvm_dap.svh'.
Parsing included file '/tools/synopsys/vcs/vcs-mx_vL-2016.06/etc/uvm-1.2/dap/uvm_get_to_lock_dap.svh'.
Back to file '/tools/synopsys/vcs/vcs-mx_vL-2016.06/etc/uvm-1.2/dap/uvm_dap.svh'.
Parsing included file '/tools/synopsys/vcs/vcs-mx_vL-2016.06/etc/uvm-1.2/dap/uvm_set_before_get_dap.svh'.
Back to file '/tools/synopsys/vcs/vcs-mx_vL-2016.06/etc/uvm-1.2/dap/uvm_dap.svh'.
Back to file '/tools/synopsys/vcs/vcs-mx_vL-2016.06/etc/uvm-1.2/uvm_pkg.sv'.
Parsing included file '/tools/synopsys/vcs/vcs-mx_vL-2016.06/etc/uvm-1.2/tlm1/uvm_tlm.svh'.
Parsing included file '/tools/synopsys/vcs/vcs-mx_vL-2016.06/etc/uvm-1.2/tlm1/uvm_tlm_ifs.svh'.
Back to file '/tools/synopsys/vcs/vcs-mx_vL-2016.06/etc/uvm-1.2/tlm1/uvm_tlm.svh'.
Parsing included file '/tools/synopsys/vcs/vcs-mx_vL-2016.06/etc/uvm-1.2/tlm1/uvm_sqr_ifs.svh'.
Back to file '/tools/synopsys/vcs/vcs-mx_vL-2016.06/etc/uvm-1.2/tlm1/uvm_tlm.svh'.
Parsing included file '/tools/synopsys/vcs/vcs-mx_vL-2016.06/etc/uvm-1.2/base/uvm_port_base.svh'.
Back to file '/tools/synopsys/vcs/vcs-mx_vL-2016.06/etc/uvm-1.2/tlm1/uvm_tlm.svh'.
Parsing included file '/tools/synopsys/vcs/vcs-mx_vL-2016.06/etc/uvm-1.2/tlm1/uvm_imps.svh'.
Back to file '/tools/synopsys/vcs/vcs-mx_vL-2016.06/etc/uvm-1.2/tlm1/uvm_tlm.svh'.
Parsing included file '/tools/synopsys/vcs/vcs-mx_vL-2016.06/etc/uvm-1.2/tlm1/uvm_ports.svh'.
Back to file '/tools/synopsys/vcs/vcs-mx_vL-2016.06/etc/uvm-1.2/tlm1/uvm_tlm.svh'.
Parsing included file '/tools/synopsys/vcs/vcs-mx_vL-2016.06/etc/uvm-1.2/tlm1/uvm_exports.svh'.
Back to file '/tools/synopsys/vcs/vcs-mx_vL-2016.06/etc/uvm-1.2/tlm1/uvm_tlm.svh'.
Parsing included file '/tools/synopsys/vcs/vcs-mx_vL-2016.06/etc/uvm-1.2/tlm1/uvm_analysis_port.svh'.
Back to file '/tools/synopsys/vcs/vcs-mx_vL-2016.06/etc/uvm-1.2/tlm1/uvm_tlm.svh'.
Parsing included file '/tools/synopsys/vcs/vcs-mx_vL-2016.06/etc/uvm-1.2/tlm1/uvm_tlm_fifo_base.svh'.
Back to file '/tools/synopsys/vcs/vcs-mx_vL-2016.06/etc/uvm-1.2/tlm1/uvm_tlm.svh'.
Parsing included file '/tools/synopsys/vcs/vcs-mx_vL-2016.06/etc/uvm-1.2/tlm1/uvm_tlm_fifos.svh'.
Back to file '/tools/synopsys/vcs/vcs-mx_vL-2016.06/etc/uvm-1.2/tlm1/uvm_tlm.svh'.
Parsing included file '/tools/synopsys/vcs/vcs-mx_vL-2016.06/etc/uvm-1.2/tlm1/uvm_tlm_req_rsp.svh'.
Back to file '/tools/synopsys/vcs/vcs-mx_vL-2016.06/etc/uvm-1.2/tlm1/uvm_tlm.svh'.
Parsing included file '/tools/synopsys/vcs/vcs-mx_vL-2016.06/etc/uvm-1.2/tlm1/uvm_sqr_connections.svh'.
Back to file '/tools/synopsys/vcs/vcs-mx_vL-2016.06/etc/uvm-1.2/tlm1/uvm_tlm.svh'.
Back to file '/tools/synopsys/vcs/vcs-mx_vL-2016.06/etc/uvm-1.2/uvm_pkg.sv'.
Parsing included file '/tools/synopsys/vcs/vcs-mx_vL-2016.06/etc/uvm-1.2/comps/uvm_comps.svh'.
Parsing included file '/tools/synopsys/vcs/vcs-mx_vL-2016.06/etc/uvm-1.2/comps/uvm_pair.svh'.
Back to file '/tools/synopsys/vcs/vcs-mx_vL-2016.06/etc/uvm-1.2/comps/uvm_comps.svh'.
Parsing included file '/tools/synopsys/vcs/vcs-mx_vL-2016.06/etc/uvm-1.2/comps/uvm_policies.svh'.
Back to file '/tools/synopsys/vcs/vcs-mx_vL-2016.06/etc/uvm-1.2/comps/uvm_comps.svh'.
Parsing included file '/tools/synopsys/vcs/vcs-mx_vL-2016.06/etc/uvm-1.2/comps/uvm_in_order_comparator.svh'.
Back to file '/tools/synopsys/vcs/vcs-mx_vL-2016.06/etc/uvm-1.2/comps/uvm_comps.svh'.
Parsing included file '/tools/synopsys/vcs/vcs-mx_vL-2016.06/etc/uvm-1.2/comps/uvm_algorithmic_comparator.svh'.
Back to file '/tools/synopsys/vcs/vcs-mx_vL-2016.06/etc/uvm-1.2/comps/uvm_comps.svh'.
Parsing included file '/tools/synopsys/vcs/vcs-mx_vL-2016.06/etc/uvm-1.2/comps/uvm_random_stimulus.svh'.
Back to file '/tools/synopsys/vcs/vcs-mx_vL-2016.06/etc/uvm-1.2/comps/uvm_comps.svh'.
Parsing included file '/tools/synopsys/vcs/vcs-mx_vL-2016.06/etc/uvm-1.2/comps/uvm_subscriber.svh'.
Back to file '/tools/synopsys/vcs/vcs-mx_vL-2016.06/etc/uvm-1.2/comps/uvm_comps.svh'.
Parsing included file '/tools/synopsys/vcs/vcs-mx_vL-2016.06/etc/uvm-1.2/comps/uvm_monitor.svh'.
Back to file '/tools/synopsys/vcs/vcs-mx_vL-2016.06/etc/uvm-1.2/comps/uvm_comps.svh'.
Parsing included file '/tools/synopsys/vcs/vcs-mx_vL-2016.06/etc/uvm-1.2/comps/uvm_driver.svh'.
Back to file '/tools/synopsys/vcs/vcs-mx_vL-2016.06/etc/uvm-1.2/comps/uvm_comps.svh'.
Parsing included file '/tools/synopsys/vcs/vcs-mx_vL-2016.06/etc/uvm-1.2/comps/uvm_push_driver.svh'.
Back to file '/tools/synopsys/vcs/vcs-mx_vL-2016.06/etc/uvm-1.2/comps/uvm_comps.svh'.
Parsing included file '/tools/synopsys/vcs/vcs-mx_vL-2016.06/etc/uvm-1.2/comps/uvm_scoreboard.svh'.
Back to file '/tools/synopsys/vcs/vcs-mx_vL-2016.06/etc/uvm-1.2/comps/uvm_comps.svh'.
Parsing included file '/tools/synopsys/vcs/vcs-mx_vL-2016.06/etc/uvm-1.2/comps/uvm_agent.svh'.
Back to file '/tools/synopsys/vcs/vcs-mx_vL-2016.06/etc/uvm-1.2/comps/uvm_comps.svh'.
Parsing included file '/tools/synopsys/vcs/vcs-mx_vL-2016.06/etc/uvm-1.2/comps/uvm_env.svh'.
Back to file '/tools/synopsys/vcs/vcs-mx_vL-2016.06/etc/uvm-1.2/comps/uvm_comps.svh'.
Parsing included file '/tools/synopsys/vcs/vcs-mx_vL-2016.06/etc/uvm-1.2/comps/uvm_test.svh'.
Back to file '/tools/synopsys/vcs/vcs-mx_vL-2016.06/etc/uvm-1.2/comps/uvm_comps.svh'.
Back to file '/tools/synopsys/vcs/vcs-mx_vL-2016.06/etc/uvm-1.2/uvm_pkg.sv'.
Parsing included file '/tools/synopsys/vcs/vcs-mx_vL-2016.06/etc/uvm-1.2/seq/uvm_seq.svh'.
Parsing included file '/tools/synopsys/vcs/vcs-mx_vL-2016.06/etc/uvm-1.2/seq/uvm_sequence_item.svh'.
Back to file '/tools/synopsys/vcs/vcs-mx_vL-2016.06/etc/uvm-1.2/seq/uvm_seq.svh'.
Parsing included file '/tools/synopsys/vcs/vcs-mx_vL-2016.06/etc/uvm-1.2/seq/uvm_sequencer_base.svh'.
Back to file '/tools/synopsys/vcs/vcs-mx_vL-2016.06/etc/uvm-1.2/seq/uvm_seq.svh'.
Parsing included file '/tools/synopsys/vcs/vcs-mx_vL-2016.06/etc/uvm-1.2/seq/uvm_sequencer_analysis_fifo.svh'.
Back to file '/tools/synopsys/vcs/vcs-mx_vL-2016.06/etc/uvm-1.2/seq/uvm_seq.svh'.
Parsing included file '/tools/synopsys/vcs/vcs-mx_vL-2016.06/etc/uvm-1.2/seq/uvm_sequencer_param_base.svh'.
Back to file '/tools/synopsys/vcs/vcs-mx_vL-2016.06/etc/uvm-1.2/seq/uvm_seq.svh'.
Parsing included file '/tools/synopsys/vcs/vcs-mx_vL-2016.06/etc/uvm-1.2/seq/uvm_sequencer.svh'.
Back to file '/tools/synopsys/vcs/vcs-mx_vL-2016.06/etc/uvm-1.2/seq/uvm_seq.svh'.
Parsing included file '/tools/synopsys/vcs/vcs-mx_vL-2016.06/etc/uvm-1.2/seq/uvm_push_sequencer.svh'.
Back to file '/tools/synopsys/vcs/vcs-mx_vL-2016.06/etc/uvm-1.2/seq/uvm_seq.svh'.
Parsing included file '/tools/synopsys/vcs/vcs-mx_vL-2016.06/etc/uvm-1.2/seq/uvm_sequence_base.svh'.
Back to file '/tools/synopsys/vcs/vcs-mx_vL-2016.06/etc/uvm-1.2/seq/uvm_seq.svh'.
Parsing included file '/tools/synopsys/vcs/vcs-mx_vL-2016.06/etc/uvm-1.2/seq/uvm_sequence.svh'.
Back to file '/tools/synopsys/vcs/vcs-mx_vL-2016.06/etc/uvm-1.2/seq/uvm_seq.svh'.
Parsing included file '/tools/synopsys/vcs/vcs-mx_vL-2016.06/etc/uvm-1.2/seq/uvm_sequence_library.svh'.
Back to file '/tools/synopsys/vcs/vcs-mx_vL-2016.06/etc/uvm-1.2/seq/uvm_seq.svh'.
Parsing included file '/tools/synopsys/vcs/vcs-mx_vL-2016.06/etc/uvm-1.2/seq/uvm_sequence_builtin.svh'.
Back to file '/tools/synopsys/vcs/vcs-mx_vL-2016.06/etc/uvm-1.2/seq/uvm_seq.svh'.
Back to file '/tools/synopsys/vcs/vcs-mx_vL-2016.06/etc/uvm-1.2/uvm_pkg.sv'.
Parsing included file '/tools/synopsys/vcs/vcs-mx_vL-2016.06/etc/uvm-1.2/tlm2/uvm_tlm2.svh'.
Parsing included file '/tools/synopsys/vcs/vcs-mx_vL-2016.06/etc/uvm-1.2/tlm2/uvm_tlm2_defines.svh'.
Back to file '/tools/synopsys/vcs/vcs-mx_vL-2016.06/etc/uvm-1.2/tlm2/uvm_tlm2.svh'.
Parsing included file '/tools/synopsys/vcs/vcs-mx_vL-2016.06/etc/uvm-1.2/tlm2/uvm_tlm2_time.svh'.
Back to file '/tools/synopsys/vcs/vcs-mx_vL-2016.06/etc/uvm-1.2/tlm2/uvm_tlm2.svh'.
Parsing included file '/tools/synopsys/vcs/vcs-mx_vL-2016.06/etc/uvm-1.2/tlm2/uvm_tlm2_generic_payload.svh'.
Back to file '/tools/synopsys/vcs/vcs-mx_vL-2016.06/etc/uvm-1.2/tlm2/uvm_tlm2.svh'.
Parsing included file '/tools/synopsys/vcs/vcs-mx_vL-2016.06/etc/uvm-1.2/tlm2/uvm_tlm2_ifs.svh'.
Back to file '/tools/synopsys/vcs/vcs-mx_vL-2016.06/etc/uvm-1.2/tlm2/uvm_tlm2.svh'.
Parsing included file '/tools/synopsys/vcs/vcs-mx_vL-2016.06/etc/uvm-1.2/tlm2/uvm_tlm2_imps.svh'.
Back to file '/tools/synopsys/vcs/vcs-mx_vL-2016.06/etc/uvm-1.2/tlm2/uvm_tlm2.svh'.
Parsing included file '/tools/synopsys/vcs/vcs-mx_vL-2016.06/etc/uvm-1.2/tlm2/uvm_tlm2_ports.svh'.
Back to file '/tools/synopsys/vcs/vcs-mx_vL-2016.06/etc/uvm-1.2/tlm2/uvm_tlm2.svh'.
Parsing included file '/tools/synopsys/vcs/vcs-mx_vL-2016.06/etc/uvm-1.2/tlm2/uvm_tlm2_exports.svh'.
Back to file '/tools/synopsys/vcs/vcs-mx_vL-2016.06/etc/uvm-1.2/tlm2/uvm_tlm2.svh'.
Parsing included file '/tools/synopsys/vcs/vcs-mx_vL-2016.06/etc/uvm-1.2/tlm2/uvm_tlm2_sockets_base.svh'.
Back to file '/tools/synopsys/vcs/vcs-mx_vL-2016.06/etc/uvm-1.2/tlm2/uvm_tlm2.svh'.
Parsing included file '/tools/synopsys/vcs/vcs-mx_vL-2016.06/etc/uvm-1.2/tlm2/uvm_tlm2_sockets.svh'.
Back to file '/tools/synopsys/vcs/vcs-mx_vL-2016.06/etc/uvm-1.2/tlm2/uvm_tlm2.svh'.
Back to file '/tools/synopsys/vcs/vcs-mx_vL-2016.06/etc/uvm-1.2/uvm_pkg.sv'.
Parsing included file '/tools/synopsys/vcs/vcs-mx_vL-2016.06/etc/uvm-1.2/reg/uvm_reg_model.svh'.
Parsing included file '/tools/synopsys/vcs/vcs-mx_vL-2016.06/etc/uvm-1.2/reg/uvm_reg_item.svh'.
Back to file '/tools/synopsys/vcs/vcs-mx_vL-2016.06/etc/uvm-1.2/reg/uvm_reg_model.svh'.
Parsing included file '/tools/synopsys/vcs/vcs-mx_vL-2016.06/etc/uvm-1.2/reg/uvm_reg_adapter.svh'.
Back to file '/tools/synopsys/vcs/vcs-mx_vL-2016.06/etc/uvm-1.2/reg/uvm_reg_model.svh'.
Parsing included file '/tools/synopsys/vcs/vcs-mx_vL-2016.06/etc/uvm-1.2/reg/uvm_reg_predictor.svh'.
Back to file '/tools/synopsys/vcs/vcs-mx_vL-2016.06/etc/uvm-1.2/reg/uvm_reg_model.svh'.
Parsing included file '/tools/synopsys/vcs/vcs-mx_vL-2016.06/etc/uvm-1.2/reg/uvm_reg_sequence.svh'.
Back to file '/tools/synopsys/vcs/vcs-mx_vL-2016.06/etc/uvm-1.2/reg/uvm_reg_model.svh'.
Parsing included file '/tools/synopsys/vcs/vcs-mx_vL-2016.06/etc/uvm-1.2/reg/uvm_reg_cbs.svh'.
Back to file '/tools/synopsys/vcs/vcs-mx_vL-2016.06/etc/uvm-1.2/reg/uvm_reg_model.svh'.
Parsing included file '/tools/synopsys/vcs/vcs-mx_vL-2016.06/etc/uvm-1.2/reg/uvm_reg_backdoor.svh'.
Back to file '/tools/synopsys/vcs/vcs-mx_vL-2016.06/etc/uvm-1.2/reg/uvm_reg_model.svh'.
Parsing included file '/tools/synopsys/vcs/vcs-mx_vL-2016.06/etc/uvm-1.2/reg/uvm_reg_field.svh'.
Back to file '/tools/synopsys/vcs/vcs-mx_vL-2016.06/etc/uvm-1.2/reg/uvm_reg_model.svh'.
Parsing included file '/tools/synopsys/vcs/vcs-mx_vL-2016.06/etc/uvm-1.2/reg/uvm_vreg_field.svh'.
Back to file '/tools/synopsys/vcs/vcs-mx_vL-2016.06/etc/uvm-1.2/reg/uvm_reg_model.svh'.
Parsing included file '/tools/synopsys/vcs/vcs-mx_vL-2016.06/etc/uvm-1.2/reg/uvm_reg.svh'.
Back to file '/tools/synopsys/vcs/vcs-mx_vL-2016.06/etc/uvm-1.2/reg/uvm_reg_model.svh'.
Parsing included file '/tools/synopsys/vcs/vcs-mx_vL-2016.06/etc/uvm-1.2/reg/uvm_reg_indirect.svh'.
Back to file '/tools/synopsys/vcs/vcs-mx_vL-2016.06/etc/uvm-1.2/reg/uvm_reg_model.svh'.
Parsing included file '/tools/synopsys/vcs/vcs-mx_vL-2016.06/etc/uvm-1.2/reg/uvm_reg_fifo.svh'.
Back to file '/tools/synopsys/vcs/vcs-mx_vL-2016.06/etc/uvm-1.2/reg/uvm_reg_model.svh'.
Parsing included file '/tools/synopsys/vcs/vcs-mx_vL-2016.06/etc/uvm-1.2/reg/uvm_reg_file.svh'.
Back to file '/tools/synopsys/vcs/vcs-mx_vL-2016.06/etc/uvm-1.2/reg/uvm_reg_model.svh'.
Parsing included file '/tools/synopsys/vcs/vcs-mx_vL-2016.06/etc/uvm-1.2/reg/uvm_mem_mam.svh'.
Back to file '/tools/synopsys/vcs/vcs-mx_vL-2016.06/etc/uvm-1.2/reg/uvm_reg_model.svh'.
Parsing included file '/tools/synopsys/vcs/vcs-mx_vL-2016.06/etc/uvm-1.2/reg/uvm_vreg.svh'.
Back to file '/tools/synopsys/vcs/vcs-mx_vL-2016.06/etc/uvm-1.2/reg/uvm_reg_model.svh'.
Parsing included file '/tools/synopsys/vcs/vcs-mx_vL-2016.06/etc/uvm-1.2/reg/uvm_mem.svh'.
Back to file '/tools/synopsys/vcs/vcs-mx_vL-2016.06/etc/uvm-1.2/reg/uvm_reg_model.svh'.
Parsing included file '/tools/synopsys/vcs/vcs-mx_vL-2016.06/etc/uvm-1.2/reg/uvm_reg_map.svh'.
Back to file '/tools/synopsys/vcs/vcs-mx_vL-2016.06/etc/uvm-1.2/reg/uvm_reg_model.svh'.
Parsing included file '/tools/synopsys/vcs/vcs-mx_vL-2016.06/etc/uvm-1.2/reg/uvm_reg_block.svh'.
Back to file '/tools/synopsys/vcs/vcs-mx_vL-2016.06/etc/uvm-1.2/reg/uvm_reg_model.svh'.
Parsing included file '/tools/synopsys/vcs/vcs-mx_vL-2016.06/etc/uvm-1.2/reg/sequences/uvm_reg_hw_reset_seq.svh'.
Back to file '/tools/synopsys/vcs/vcs-mx_vL-2016.06/etc/uvm-1.2/reg/uvm_reg_model.svh'.
Parsing included file '/tools/synopsys/vcs/vcs-mx_vL-2016.06/etc/uvm-1.2/reg/sequences/uvm_reg_bit_bash_seq.svh'.
Back to file '/tools/synopsys/vcs/vcs-mx_vL-2016.06/etc/uvm-1.2/reg/uvm_reg_model.svh'.
Parsing included file '/tools/synopsys/vcs/vcs-mx_vL-2016.06/etc/uvm-1.2/reg/sequences/uvm_mem_walk_seq.svh'.
Back to file '/tools/synopsys/vcs/vcs-mx_vL-2016.06/etc/uvm-1.2/reg/uvm_reg_model.svh'.
Parsing included file '/tools/synopsys/vcs/vcs-mx_vL-2016.06/etc/uvm-1.2/reg/sequences/uvm_mem_access_seq.svh'.
Back to file '/tools/synopsys/vcs/vcs-mx_vL-2016.06/etc/uvm-1.2/reg/uvm_reg_model.svh'.
Parsing included file '/tools/synopsys/vcs/vcs-mx_vL-2016.06/etc/uvm-1.2/reg/sequences/uvm_reg_access_seq.svh'.
Back to file '/tools/synopsys/vcs/vcs-mx_vL-2016.06/etc/uvm-1.2/reg/uvm_reg_model.svh'.
Parsing included file '/tools/synopsys/vcs/vcs-mx_vL-2016.06/etc/uvm-1.2/reg/sequences/uvm_reg_mem_shared_access_seq.svh'.
Back to file '/tools/synopsys/vcs/vcs-mx_vL-2016.06/etc/uvm-1.2/reg/uvm_reg_model.svh'.
Parsing included file '/tools/synopsys/vcs/vcs-mx_vL-2016.06/etc/uvm-1.2/reg/sequences/uvm_reg_mem_built_in_seq.svh'.
Back to file '/tools/synopsys/vcs/vcs-mx_vL-2016.06/etc/uvm-1.2/reg/uvm_reg_model.svh'.
Parsing included file '/tools/synopsys/vcs/vcs-mx_vL-2016.06/etc/uvm-1.2/reg/sequences/uvm_reg_mem_hdl_paths_seq.svh'.
Back to file '/tools/synopsys/vcs/vcs-mx_vL-2016.06/etc/uvm-1.2/reg/uvm_reg_model.svh'.
Parsing included file '/tools/synopsys/vcs/vcs-mx_vL-2016.06/etc/uvm-1.2/reg/snps_uvm_reg_bank.svh'.
Back to file '/tools/synopsys/vcs/vcs-mx_vL-2016.06/etc/uvm-1.2/reg/uvm_reg_model.svh'.
Back to file '/tools/synopsys/vcs/vcs-mx_vL-2016.06/etc/uvm-1.2/uvm_pkg.sv'.
Parsing design file '/tools/synopsys/vcs/vcs-mx_vL-2016.06/etc/uvm-1.2/vcs/uvm_custom_install_vcs_recorder.sv'
Parsing included file '/tools/synopsys/vcs/vcs-mx_vL-2016.06/etc/uvm-1.2/vcs/msglog.svh'.
Back to file '/tools/synopsys/vcs/vcs-mx_vL-2016.06/etc/uvm-1.2/vcs/uvm_custom_install_vcs_recorder.sv'.
Parsing included file '/tools/synopsys/vcs/vcs-mx_vL-2016.06/etc/uvm-1.2/vcs/uvm_msglog_report_server.sv'.
Back to file '/tools/synopsys/vcs/vcs-mx_vL-2016.06/etc/uvm-1.2/vcs/uvm_custom_install_vcs_recorder.sv'.
Parsing included file '/tools/synopsys/vcs/vcs-mx_vL-2016.06/etc/uvm-1.2/vcs/uvm_vcs_recorder.svh'.
Parsing included file '/tools/synopsys/vcs/vcs-mx_vL-2016.06/etc/uvm-1.2/vcs/uvm_vcs_tr_database.svh'.
Parsing included file '/tools/synopsys/vcs/vcs-mx_vL-2016.06/etc/uvm-1.2/vcs/uvm_vcs_tr_stream.svh'.
Back to file '/tools/synopsys/vcs/vcs-mx_vL-2016.06/etc/uvm-1.2/vcs/uvm_vcs_tr_database.svh'.
Back to file '/tools/synopsys/vcs/vcs-mx_vL-2016.06/etc/uvm-1.2/vcs/uvm_vcs_recorder.svh'.
Back to file '/tools/synopsys/vcs/vcs-mx_vL-2016.06/etc/uvm-1.2/vcs/uvm_custom_install_vcs_recorder.sv'.
Parsing included file '/tools/synopsys/vcs/vcs-mx_vL-2016.06/etc/uvm-1.2/vcs/uvm_vcs_record_interface.sv'.
Back to file '/tools/synopsys/vcs/vcs-mx_vL-2016.06/etc/uvm-1.2/vcs/uvm_custom_install_vcs_recorder.sv'.
Parsing design file '../rtl/mem.v'
Parsing design file '../top/testbench.sv'
Top Level Modules:
       testbench
TimeScale is 1 ns / 1 ps
uences/uvm_reg_hw_reset_seq.svh'.
Back to file '/tools/synopsys/vcs/vcs-mx_vL-2016.06/etc/uvm-1.2/reg/uvm_reg_model.svh'.
Parsing included file '/tools/synopsys/vcs/vcs-mx_vL-2016.06/etc/uvm-1.2/reg/sequences/uvm_reg_bit_bash_seq.svh'.
Back to file '/tools/synopsys/vcs/vcs-mx_vL-2016.06/etc/uvm-1.2/reg/uvm_reg_model.svh'.
Parsing included file '/tools/synopsys/vcs/vcs-mx_vL-2016.06/etc/uvm-1.2/reg/sequences/uvm_mem_walk_seq.svh'.
Back to file '/tools/synopsys/vcs/vcs-mx_vL-2016.06/etc/uvm-1.2/reg/uvm_reg_model.svh'.
Parsing included file '/tools/synopsys/vcs/vcs-mx_vL-2016.06/etc/uvm-1.2/reg/sequences/uvm_mem_access_seq.svh'.
Back to file '/tools/synopsys/vcs/vcs-mx_vL-2016.06/etc/uvm-1.2/reg/uvm_reg_model.svh'.
Parsing included file '/tools/synopsys/vcs/vcs-mx_vL-2016.06/etc/uvm-1.2/reg/sequences/uvm_reg_access_seq.svh'.
Back to file '/tools/synopsys/vcs/vcs-mx_vL-2016.06/etc/uvm-1.2/reg/uvm_reg_model.svh'.
Parsing included file '/tools/synopsys/vcs/vcs-mx_vL-2016.06/etc/uvm-1.2/reg/sequences/uvm_reg_mem_shared_access_seq.svh'.
Back to file '/tools/synopsys/vcs/vcs-mx_vL-2016.06/etc/uvm-1.2/reg/uvm_reg_model.svh'.
Parsing included file '/tools/synopsys/vcs/vcs-mx_vL-2016.06/etc/uvm-1.2/reg/sequences/uvm_reg_mem_built_in_seq.svh'.
Back to file '/tools/synopsys/vcs/vcs-mx_vL-2016.06/etc/uvm-1.2/reg/uvm_reg_model.svh'.
Parsing included file '/tools/synopsys/vcs/vcs-mx_vL-2016.06/etc/uvm-1.2/reg/sequences/uvm_reg_mem_hdl_paths_seq.svh'.
Back to file '/tools/synopsys/vcs/vcs-mx_vL-2016.06/etc/uvm-1.2/reg/uvm_reg_model.svh'.
Parsing included file '/tools/synopsys/vcs/vcs-mx_vL-2016.06/etc/uvm-1.2/reg/snps_uvm_reg_bank.svh'.
Back to file '/tools/synopsys/vcs/vcs-mx_vL-2016.06/etc/uvm-1.2/reg/uvm_reg_model.svh'.
Back to file '/tools/synopsys/vcs/vcs-mx_vL-2016.06/etc/uvm-1.2/uvm_pkg.sv'.
Parsing design file '/tools/synopsys/vcs/vcs-mx_vL-2016.06/etc/uvm-1.2/vcs/uvm_custom_install_vcs_recorder.sv'
Parsing included file '/tools/synopsys/vcs/vcs-mx_vL-2016.06/etc/uvm-1.2/vcs/msglog.svh'.
Back to file '/tools/synopsys/vcs/vcs-mx_vL-2016.06/etc/uvm-1.2/vcs/uvm_custom_install_vcs_recorder.sv'.
Parsing included file '/tools/synopsys/vcs/vcs-mx_vL-2016.06/etc/uvm-1.2/vcs/uvm_msglog_report_server.sv'.
Back to file '/tools/synopsys/vcs/vcs-mx_vL-2016.06/etc/uvm-1.2/vcs/uvm_custom_install_vcs_recorder.sv'.
Parsing included file '/tools/synopsys/vcs/vcs-mx_vL-2016.06/etc/uvm-1.2/vcs/uvm_vcs_recorder.svh'.
Parsing included file '/tools/synopsys/vcs/vcs-mx_vL-2016.06/etc/uvm-1.2/vcs/uvm_vcs_tr_database.svh'.
Parsing included file '/tools/synopsys/vcs/vcs-mx_vL-2016.06/etc/uvm-1.2/vcs/uvm_vcs_tr_stream.svh'.
Back to file '/tools/synopsys/vcs/vcs-mx_vL-2016.06/etc/uvm-1.2/vcs/uvm_vcs_tr_database.svh'.
Back to file '/tools/synopsys/vcs/vcs-mx_vL-2016.06/etc/uvm-1.2/vcs/uvm_vcs_recorder.svh'.
Back to file '/tools/synopsys/vcs/vcs-mx_vL-2016.06/etc/uvm-1.2/vcs/uvm_custom_install_vcs_recorder.sv'.
Parsing included file '/tools/synopsys/vcs/vcs-mx_vL-2016.06/etc/uvm-1.2/vcs/uvm_vcs_record_interface.sv'.
Back to file '/tools/synopsys/vcs/vcs-mx_vL-2016.06/etc/uvm-1.2/vcs/uvm_custom_install_vcs_recorder.sv'.
Parsing design file '../rtl/mem.v'
Parsing design file '../top/testbench.sv'
Top Level Modules:
       testbench
TimeScale is 1 ns / 1 ps
Starting vcs inline pass...
7 unique modules to generate
7 modules and 0 UDP read. 
recompiling package _vcs_DPI_package
recompiling package vcs_paramclassrepository
recompiling package _vcs_unit__2993861012
recompiling package std
recompiling package uvm_pkg
recompiling package _vcs_msglog
recompiling module testbench
All of 7 modules done
make[1]: Entering directory `/home/xiaotu/Git_Path/vcs_demo/vcs_demo/sim/csrc'
rm -f _csrc*.so pre_vcsobj_*.so share_vcsobj_*.so
g++ -w  -pipe -DVCSMX -fPIC -O -I/tools/synopsys/vcs/vcs-mx_vL-2016.06/include   \
-c /tools/synopsys/vcs/vcs-mx_vL-2016.06/etc/uvm-1.2/dpi/uvm_dpi.cc
if [ -x .././sim_base/exec/simv ]; then chmod -x .././sim_base/exec/simv; fi
g++  -o .././sim_base/exec/simv   -Wl,-rpath-link=./ -Wl,-rpath='$ORIGIN'/simv.daidir/ \
-Wl,-rpath=./simv.daidir/ -Wl,-rpath='$ORIGIN'/simv.daidir//scsim.db.dir  -rdynamic \
uvm_dpi.o   amcQwB.o objs/amcQw_d.o   _11431_archive_1.so  SIM_l.o      rmapats_mop.o \
rmapats.o rmar.o  rmar_llvm_0_1.o rmar_llvm_0_0.o          /tools/synopsys/vcs/vcs-mx_vL-2016.06/linux64/lib/libzerosoft_rt_stubs.so \
/tools/synopsys/vcs/vcs-mx_vL-2016.06/linux64/lib/libvirsim.so /tools/synopsys/vcs/vcs-mx_vL-2016.06/linux64/lib/liberrorinf.so \
/tools/synopsys/vcs/vcs-mx_vL-2016.06/linux64/lib/libsnpsmalloc.so /tools/synopsys/verdi/Verdi3_L-2016.06-1/share/PLI/VCS/LINUX64/pli.a \
/tools/synopsys/vcs/vcs-mx_vL-2016.06/linux64/lib/libvcsnew.so /tools/synopsys/vcs/vcs-mx_vL-2016.06/linux64/lib/libsimprofile.so \
/tools/synopsys/vcs/vcs-mx_vL-2016.06/linux64/lib/libuclinative.so   -Wl,-whole-archive \
/tools/synopsys/vcs/vcs-mx_vL-2016.06/linux64/lib/libvcsucli.so -Wl,-no-whole-archive \
./../sim_base/exec/simv.daidir/vc_hdrs.o  _vcs_pli_stub_.o   /tools/synopsys/vcs/vcs-mx_vL-2016.06/linux64/lib/vcs_save_restore_new.o \
-ldl -lm  -lc -lpthread -ldl 
.././sim_base/exec/simv up to date
make[1]: Leaving directory `/home/xiaotu/Git_Path/vcs_demo/vcs_demo/sim/csrc'
CPU time: 10.025 seconds to compile + .340 seconds to elab + .564 seconds to link
